<?xml version="1.0" encoding="UTF-8"?>
<coverage generated="1655471521367" clover="3.2.0">
  <project timestamp="1655471521367" name="All files">
    <metrics statements="79" coveredstatements="79" conditionals="10" coveredconditionals="10" methods="36" coveredmethods="36" elements="125" coveredelements="125" complexity="0" loc="79" ncloc="79" packages="7" files="15" classes="15"/>
    <package name="api">
      <metrics statements="4" coveredstatements="4" conditionals="0" coveredconditionals="0" methods="1" coveredmethods="1"/>
      <file name="getJobs.js" path="C:\Users\NRCAdmin\Desktop\kant\JAVASCRIPT\VueJS_Project\job-search\src\api\getJobs.js">
        <metrics statements="4" coveredstatements="4" conditionals="0" coveredconditionals="0" methods="1" coveredmethods="1"/>
        <line num="3" count="2" type="stmt"/>
        <line num="4" count="2" type="stmt"/>
        <line num="5" count="2" type="stmt"/>
        <line num="6" count="2" type="stmt"/>
      </file>
    </package>
    <package name="components.JobResults">
      <metrics statements="2" coveredstatements="2" conditionals="0" coveredconditionals="0" methods="1" coveredmethods="1"/>
      <file name="JobListing.vue" path="C:\Users\NRCAdmin\Desktop\kant\JAVASCRIPT\VueJS_Project\job-search\src\components\JobResults\JobListing.vue">
        <metrics statements="2" coveredstatements="2" conditionals="0" coveredconditionals="0" methods="1" coveredmethods="1"/>
        <line num="44" count="2" type="stmt"/>
        <line num="54" count="5" type="stmt"/>
      </file>
    </package>
    <package name="components.Navigation">
      <metrics statements="2" coveredstatements="2" conditionals="0" coveredconditionals="0" methods="1" coveredmethods="1"/>
      <file name="ProfileImage.vue" path="C:\Users\NRCAdmin\Desktop\kant\JAVASCRIPT\VueJS_Project\job-search\src\components\Navigation\ProfileImage.vue">
        <metrics statements="2" coveredstatements="2" conditionals="0" coveredconditionals="0" methods="1" coveredmethods="1"/>
        <line num="6" count="2" type="stmt"/>
        <line num="9" count="1" type="stmt"/>
      </file>
    </package>
    <package name="components.Shared">
      <metrics statements="3" coveredstatements="3" conditionals="0" coveredconditionals="0" methods="1" coveredmethods="1"/>
      <file name="HeaderContainer.vue" path="C:\Users\NRCAdmin\Desktop\kant\JAVASCRIPT\VueJS_Project\job-search\src\components\Shared\HeaderContainer.vue">
        <metrics statements="1" coveredstatements="1" conditionals="0" coveredconditionals="0" methods="0" coveredmethods="0"/>
        <line num="11" count="1" type="stmt"/>
      </file>
      <file name="TextInput.vue" path="C:\Users\NRCAdmin\Desktop\kant\JAVASCRIPT\VueJS_Project\job-search\src\components\Shared\TextInput.vue">
        <metrics statements="2" coveredstatements="2" conditionals="0" coveredconditionals="0" methods="1" coveredmethods="1"/>
        <line num="12" count="2" type="stmt"/>
        <line num="29" count="5" type="stmt"/>
      </file>
    </package>
    <package name="composables">
      <metrics statements="15" coveredstatements="15" conditionals="6" coveredconditionals="6" methods="7" coveredmethods="7"/>
      <file name="useConfirmRoute.js" path="C:\Users\NRCAdmin\Desktop\kant\JAVASCRIPT\VueJS_Project\job-search\src\composables\useConfirmRoute.js">
        <metrics statements="3" coveredstatements="3" conditionals="0" coveredconditionals="0" methods="2" coveredmethods="2"/>
        <line num="4" count="3" type="stmt"/>
        <line num="5" count="1" type="stmt"/>
        <line num="6" count="1" type="stmt"/>
      </file>
      <file name="useCurrentPage.js" path="C:\Users\NRCAdmin\Desktop\kant\JAVASCRIPT\VueJS_Project\job-search\src\composables\useCurrentPage.js">
        <metrics statements="3" coveredstatements="3" conditionals="2" coveredconditionals="2" methods="2" coveredmethods="2"/>
        <line num="4" count="2" type="stmt"/>
        <line num="5" count="10" type="stmt"/>
        <line num="6" count="10" type="cond" truecount="2" falsecount="0"/>
      </file>
      <file name="usePreviousAndNextPages.js" path="C:\Users\NRCAdmin\Desktop\kant\JAVASCRIPT\VueJS_Project\job-search\src\composables\usePreviousAndNextPages.js">
        <metrics statements="9" coveredstatements="9" conditionals="4" coveredconditionals="4" methods="3" coveredmethods="3"/>
        <line num="3" count="2" type="stmt"/>
        <line num="4" count="12" type="stmt"/>
        <line num="5" count="2" type="stmt"/>
        <line num="6" count="2" type="stmt"/>
        <line num="7" count="2" type="cond" truecount="2" falsecount="0"/>
        <line num="10" count="12" type="stmt"/>
        <line num="11" count="2" type="stmt"/>
        <line num="12" count="2" type="cond" truecount="2" falsecount="0"/>
        <line num="15" count="12" type="stmt"/>
      </file>
    </package>
    <package name="store">
      <metrics statements="48" coveredstatements="48" conditionals="4" coveredconditionals="4" methods="24" coveredmethods="24"/>
      <file name="actions.js" path="C:\Users\NRCAdmin\Desktop\kant\JAVASCRIPT\VueJS_Project\job-search\src\store\actions.js">
        <metrics statements="3" coveredstatements="3" conditionals="0" coveredconditionals="0" methods="1" coveredmethods="1"/>
        <line num="3" count="1" type="stmt"/>
        <line num="5" count="2" type="stmt"/>
        <line num="6" count="2" type="stmt"/>
      </file>
      <file name="composables.js" path="C:\Users\NRCAdmin\Desktop\kant\JAVASCRIPT\VueJS_Project\job-search\src\store\composables.js">
        <metrics statements="12" coveredstatements="12" conditionals="0" coveredconditionals="0" methods="7" coveredmethods="7"/>
        <line num="11" count="6" type="stmt"/>
        <line num="12" count="9" type="stmt"/>
        <line num="13" count="9" type="stmt"/>
        <line num="16" count="6" type="stmt"/>
        <line num="17" count="1" type="stmt"/>
        <line num="18" count="1" type="stmt"/>
        <line num="20" count="6" type="stmt"/>
        <line num="21" count="1" type="stmt"/>
        <line num="22" count="1" type="stmt"/>
        <line num="26" count="6" type="stmt"/>
        <line num="27" count="1" type="stmt"/>
        <line num="28" count="1" type="stmt"/>
      </file>
      <file name="constants.js" path="C:\Users\NRCAdmin\Desktop\kant\JAVASCRIPT\VueJS_Project\job-search\src\store\constants.js">
        <metrics statements="10" coveredstatements="10" conditionals="0" coveredconditionals="0" methods="0" coveredmethods="0"/>
        <line num="2" count="11" type="stmt"/>
        <line num="5" count="11" type="stmt"/>
        <line num="6" count="11" type="stmt"/>
        <line num="7" count="11" type="stmt"/>
        <line num="10" count="11" type="stmt"/>
        <line num="11" count="11" type="stmt"/>
        <line num="12" count="11" type="stmt"/>
        <line num="15" count="11" type="stmt"/>
        <line num="16" count="11" type="stmt"/>
        <line num="17" count="11" type="stmt"/>
      </file>
      <file name="getters.js" path="C:\Users\NRCAdmin\Desktop\kant\JAVASCRIPT\VueJS_Project\job-search\src\store\getters.js">
        <metrics statements="16" coveredstatements="16" conditionals="4" coveredconditionals="4" methods="11" coveredmethods="11"/>
        <line num="8" count="1" type="stmt"/>
        <line num="10" count="1" type="stmt"/>
        <line num="11" count="3" type="stmt"/>
        <line num="12" count="1" type="stmt"/>
        <line num="16" count="1" type="stmt"/>
        <line num="17" count="3" type="stmt"/>
        <line num="18" count="1" type="stmt"/>
        <line num="22" count="1" type="stmt"/>
        <line num="23" count="1" type="stmt"/>
        <line num="24" count="1" type="stmt"/>
        <line num="27" count="2" type="stmt"/>
        <line num="28" count="2" type="cond" truecount="2" falsecount="0"/>
        <line num="29" count="1" type="stmt"/>
        <line num="32" count="2" type="stmt"/>
        <line num="33" count="2" type="cond" truecount="2" falsecount="0"/>
        <line num="34" count="1" type="stmt"/>
      </file>
      <file name="mutations.js" path="C:\Users\NRCAdmin\Desktop\kant\JAVASCRIPT\VueJS_Project\job-search\src\store\mutations.js">
        <metrics statements="5" coveredstatements="5" conditionals="0" coveredconditionals="0" methods="4" coveredmethods="4"/>
        <line num="7" count="1" type="stmt"/>
        <line num="9" count="1" type="stmt"/>
        <line num="12" count="1" type="stmt"/>
        <line num="15" count="1" type="stmt"/>
        <line num="18" count="1" type="stmt"/>
      </file>
      <file name="state.js" path="C:\Users\NRCAdmin\Desktop\kant\JAVASCRIPT\VueJS_Project\job-search\src\store\state.js">
        <metrics statements="2" coveredstatements="2" conditionals="0" coveredconditionals="0" methods="1" coveredmethods="1"/>
        <line num="1" count="1" type="stmt"/>
        <line num="2" count="4" type="stmt"/>
      </file>
    </package>
    <package name="utils">
      <metrics statements="5" coveredstatements="5" conditionals="0" coveredconditionals="0" methods="1" coveredmethods="1"/>
      <file name="nextElementInList.js" path="C:\Users\NRCAdmin\Desktop\kant\JAVASCRIPT\VueJS_Project\job-search\src\utils\nextElementInList.js">
        <metrics statements="5" coveredstatements="5" conditionals="0" coveredconditionals="0" methods="1" coveredmethods="1"/>
        <line num="1" count="2" type="stmt"/>
        <line num="2" count="3" type="stmt"/>
        <line num="3" count="3" type="stmt"/>
        <line num="4" count="3" type="stmt"/>
        <line num="5" count="3" type="stmt"/>
      </file>
    </package>
  </project>
</coverage>
