{"C:\\Users\\NRCAdmin\\Desktop\\kant\\JAVASCRIPT\\VueJS_Project\\job-search\\src\\api\\getJobs.js": {"path":"C:\\Users\\NRCAdmin\\Desktop\\kant\\JAVASCRIPT\\VueJS_Project\\job-search\\src\\api\\getJobs.js","statementMap":{"0":{"start":{"line":3,"column":16},"end":{"line":7,"column":1}},"1":{"start":{"line":4,"column":18},"end":{"line":4,"column":45}},"2":{"start":{"line":5,"column":19},"end":{"line":5,"column":53}},"3":{"start":{"line":6,"column":2},"end":{"line":6,"column":23}}},"fnMap":{"0":{"name":"(anonymous_0)","decl":{"start":{"line":3,"column":16},"end":{"line":3,"column":17}},"loc":{"start":{"line":3,"column":28},"end":{"line":7,"column":1}},"line":3}},"branchMap":{},"s":{"0":2,"1":2,"2":2,"3":2},"f":{"0":2},"b":{},"_coverageSchema":"1a1c01bbd47fc00a2c39e90264f33305004495a9","hash":"43ff60b31965d303fbf0a21aed782a697ed3f4b3"}
,"C:\\Users\\NRCAdmin\\Desktop\\kant\\JAVASCRIPT\\VueJS_Project\\job-search\\src\\components\\JobResults\\JobListing.vue": {"path":"C:\\Users\\NRCAdmin\\Desktop\\kant\\JAVASCRIPT\\VueJS_Project\\job-search\\src\\components\\JobResults\\JobListing.vue","statementMap":{"0":{"start":{"line":44,"column":15},"end":{"line":44,"column":null}},"1":{"start":{"line":54,"column":6},"end":{"line":54,"column":14}}},"fnMap":{"0":{"name":"(anonymous_0)","decl":{"start":{"line":53,"column":4},"end":{"line":53,"column":15}},"loc":{"start":{"line":53,"column":18},"end":{"line":55,"column":null}}}},"branchMap":{},"s":{"0":2,"1":5},"f":{"0":5},"b":{}}
,"C:\\Users\\NRCAdmin\\Desktop\\kant\\JAVASCRIPT\\VueJS_Project\\job-search\\src\\components\\Navigation\\ProfileImage.vue": {"path":"C:\\Users\\NRCAdmin\\Desktop\\kant\\JAVASCRIPT\\VueJS_Project\\job-search\\src\\components\\Navigation\\ProfileImage.vue","statementMap":{"0":{"start":{"line":6,"column":15},"end":{"line":6,"column":null}},"1":{"start":{"line":9,"column":4},"end":{"line":9,"column":11}}},"fnMap":{"0":{"name":"(anonymous_0)","decl":{"start":{"line":8,"column":2},"end":{"line":8,"column":6}},"loc":{"start":{"line":8,"column":9},"end":{"line":12,"column":null}}}},"branchMap":{},"s":{"0":2,"1":1},"f":{"0":1},"b":{}}
,"C:\\Users\\NRCAdmin\\Desktop\\kant\\JAVASCRIPT\\VueJS_Project\\job-search\\src\\components\\Shared\\HeaderContainer.vue": {"path":"C:\\Users\\NRCAdmin\\Desktop\\kant\\JAVASCRIPT\\VueJS_Project\\job-search\\src\\components\\Shared\\HeaderContainer.vue","statementMap":{"0":{"start":{"line":11,"column":15},"end":{"line":11,"column":null}}},"fnMap":{},"branchMap":{},"s":{"0":1},"f":{},"b":{}}
,"C:\\Users\\NRCAdmin\\Desktop\\kant\\JAVASCRIPT\\VueJS_Project\\job-search\\src\\components\\Shared\\TextInput.vue": {"path":"C:\\Users\\NRCAdmin\\Desktop\\kant\\JAVASCRIPT\\VueJS_Project\\job-search\\src\\components\\Shared\\TextInput.vue","statementMap":{"0":{"start":{"line":12,"column":15},"end":{"line":12,"column":null}},"1":{"start":{"line":29,"column":6},"end":{"line":29,"column":11}}},"fnMap":{"0":{"name":"(anonymous_0)","decl":{"start":{"line":28,"column":4},"end":{"line":28,"column":15}},"loc":{"start":{"line":28,"column":24},"end":{"line":30,"column":null}}}},"branchMap":{},"s":{"0":2,"1":5},"f":{"0":5},"b":{}}
,"C:\\Users\\NRCAdmin\\Desktop\\kant\\JAVASCRIPT\\VueJS_Project\\job-search\\src\\composables\\useConfirmRoute.js": {"path":"C:\\Users\\NRCAdmin\\Desktop\\kant\\JAVASCRIPT\\VueJS_Project\\job-search\\src\\composables\\useConfirmRoute.js","statementMap":{"0":{"start":{"line":4,"column":24},"end":{"line":7,"column":1}},"1":{"start":{"line":5,"column":16},"end":{"line":5,"column":26}},"2":{"start":{"line":6,"column":2},"end":{"line":6,"column":50}},"3":{"start":{"line":6,"column":24},"end":{"line":6,"column":48}}},"fnMap":{"0":{"name":"(anonymous_0)","decl":{"start":{"line":4,"column":24},"end":{"line":4,"column":25}},"loc":{"start":{"line":4,"column":39},"end":{"line":7,"column":1}},"line":4},"1":{"name":"(anonymous_1)","decl":{"start":{"line":6,"column":18},"end":{"line":6,"column":19}},"loc":{"start":{"line":6,"column":24},"end":{"line":6,"column":48}},"line":6}},"branchMap":{},"s":{"0":3,"1":1,"2":1,"3":1},"f":{"0":1,"1":1},"b":{},"_coverageSchema":"1a1c01bbd47fc00a2c39e90264f33305004495a9","hash":"ec6dd852f91a1cf62acdd8b00c390a7ab97c2ef8"}
,"C:\\Users\\NRCAdmin\\Desktop\\kant\\JAVASCRIPT\\VueJS_Project\\job-search\\src\\composables\\useCurrentPage.js": {"path":"C:\\Users\\NRCAdmin\\Desktop\\kant\\JAVASCRIPT\\VueJS_Project\\job-search\\src\\composables\\useCurrentPage.js","statementMap":{"0":{"start":{"line":4,"column":23},"end":{"line":7,"column":1}},"1":{"start":{"line":5,"column":16},"end":{"line":5,"column":26}},"2":{"start":{"line":6,"column":2},"end":{"line":6,"column":66}},"3":{"start":{"line":6,"column":24},"end":{"line":6,"column":64}}},"fnMap":{"0":{"name":"(anonymous_0)","decl":{"start":{"line":4,"column":23},"end":{"line":4,"column":24}},"loc":{"start":{"line":4,"column":29},"end":{"line":7,"column":1}},"line":4},"1":{"name":"(anonymous_1)","decl":{"start":{"line":6,"column":18},"end":{"line":6,"column":19}},"loc":{"start":{"line":6,"column":24},"end":{"line":6,"column":64}},"line":6}},"branchMap":{"0":{"loc":{"start":{"line":6,"column":40},"end":{"line":6,"column":63}},"type":"binary-expr","locations":[{"start":{"line":6,"column":40},"end":{"line":6,"column":56}},{"start":{"line":6,"column":60},"end":{"line":6,"column":63}}],"line":6}},"s":{"0":2,"1":10,"2":10,"3":10},"f":{"0":10,"1":10},"b":{"0":[10,1]},"_coverageSchema":"1a1c01bbd47fc00a2c39e90264f33305004495a9","hash":"094f1e05c4d6a691a5c2f78dc9b27d43ac94f6e9"}
,"C:\\Users\\NRCAdmin\\Desktop\\kant\\JAVASCRIPT\\VueJS_Project\\job-search\\src\\composables\\usePreviousAndNextPages.js": {"path":"C:\\Users\\NRCAdmin\\Desktop\\kant\\JAVASCRIPT\\VueJS_Project\\job-search\\src\\composables\\usePreviousAndNextPages.js","statementMap":{"0":{"start":{"line":3,"column":32},"end":{"line":16,"column":1}},"1":{"start":{"line":4,"column":23},"end":{"line":8,"column":4}},"2":{"start":{"line":5,"column":25},"end":{"line":5,"column":46}},"3":{"start":{"line":6,"column":22},"end":{"line":6,"column":23}},"4":{"start":{"line":7,"column":4},"end":{"line":7,"column":64}},"5":{"start":{"line":10,"column":19},"end":{"line":13,"column":4}},"6":{"start":{"line":11,"column":21},"end":{"line":11,"column":42}},"7":{"start":{"line":12,"column":4},"end":{"line":12,"column":60}},"8":{"start":{"line":15,"column":2},"end":{"line":15,"column":36}}},"fnMap":{"0":{"name":"(anonymous_0)","decl":{"start":{"line":3,"column":32},"end":{"line":3,"column":33}},"loc":{"start":{"line":3,"column":58},"end":{"line":16,"column":1}},"line":3},"1":{"name":"(anonymous_1)","decl":{"start":{"line":4,"column":32},"end":{"line":4,"column":33}},"loc":{"start":{"line":4,"column":38},"end":{"line":8,"column":3}},"line":4},"2":{"name":"(anonymous_2)","decl":{"start":{"line":10,"column":28},"end":{"line":10,"column":29}},"loc":{"start":{"line":10,"column":34},"end":{"line":13,"column":3}},"line":10}},"branchMap":{"0":{"loc":{"start":{"line":7,"column":11},"end":{"line":7,"column":63}},"type":"cond-expr","locations":[{"start":{"line":7,"column":39},"end":{"line":7,"column":51}},{"start":{"line":7,"column":54},"end":{"line":7,"column":63}}],"line":7},"1":{"loc":{"start":{"line":12,"column":11},"end":{"line":12,"column":59}},"type":"cond-expr","locations":[{"start":{"line":12,"column":39},"end":{"line":12,"column":47}},{"start":{"line":12,"column":50},"end":{"line":12,"column":59}}],"line":12}},"s":{"0":2,"1":12,"2":2,"3":2,"4":2,"5":12,"6":2,"7":2,"8":12},"f":{"0":12,"1":2,"2":2},"b":{"0":[1,1],"1":[1,1]},"_coverageSchema":"1a1c01bbd47fc00a2c39e90264f33305004495a9","hash":"5cb34147fc65fe2deba9f2ee64ae017e78804fde"}
,"C:\\Users\\NRCAdmin\\Desktop\\kant\\JAVASCRIPT\\VueJS_Project\\job-search\\src\\store\\actions.js": {"path":"C:\\Users\\NRCAdmin\\Desktop\\kant\\JAVASCRIPT\\VueJS_Project\\job-search\\src\\store\\actions.js","statementMap":{"0":{"start":{"line":3,"column":16},"end":{"line":8,"column":1}},"1":{"start":{"line":5,"column":24},"end":{"line":5,"column":39}},"2":{"start":{"line":6,"column":4},"end":{"line":6,"column":46}}},"fnMap":{"0":{"name":"(anonymous_0)","decl":{"start":{"line":4,"column":16},"end":{"line":4,"column":17}},"loc":{"start":{"line":4,"column":35},"end":{"line":7,"column":3}},"line":4}},"branchMap":{},"s":{"0":1,"1":2,"2":2},"f":{"0":2},"b":{},"_coverageSchema":"1a1c01bbd47fc00a2c39e90264f33305004495a9","hash":"f32d3432c906bf33f4129e677791f49fb1557eed"}
,"C:\\Users\\NRCAdmin\\Desktop\\kant\\JAVASCRIPT\\VueJS_Project\\job-search\\src\\store\\composables.js": {"path":"C:\\Users\\NRCAdmin\\Desktop\\kant\\JAVASCRIPT\\VueJS_Project\\job-search\\src\\store\\composables.js","statementMap":{"0":{"start":{"line":11,"column":31},"end":{"line":14,"column":1}},"1":{"start":{"line":12,"column":16},"end":{"line":12,"column":26}},"2":{"start":{"line":13,"column":2},"end":{"line":13,"column":54}},"3":{"start":{"line":13,"column":24},"end":{"line":13,"column":52}},"4":{"start":{"line":16,"column":33},"end":{"line":19,"column":1}},"5":{"start":{"line":17,"column":16},"end":{"line":17,"column":26}},"6":{"start":{"line":18,"column":2},"end":{"line":18,"column":57}},"7":{"start":{"line":18,"column":24},"end":{"line":18,"column":55}},"8":{"start":{"line":20,"column":38},"end":{"line":23,"column":1}},"9":{"start":{"line":21,"column":16},"end":{"line":21,"column":26}},"10":{"start":{"line":22,"column":2},"end":{"line":22,"column":61}},"11":{"start":{"line":22,"column":24},"end":{"line":22,"column":59}},"12":{"start":{"line":26,"column":36},"end":{"line":29,"column":1}},"13":{"start":{"line":27,"column":16},"end":{"line":27,"column":26}},"14":{"start":{"line":28,"column":2},"end":{"line":28,"column":29}}},"fnMap":{"0":{"name":"(anonymous_0)","decl":{"start":{"line":11,"column":31},"end":{"line":11,"column":32}},"loc":{"start":{"line":11,"column":37},"end":{"line":14,"column":1}},"line":11},"1":{"name":"(anonymous_1)","decl":{"start":{"line":13,"column":18},"end":{"line":13,"column":19}},"loc":{"start":{"line":13,"column":24},"end":{"line":13,"column":52}},"line":13},"2":{"name":"(anonymous_2)","decl":{"start":{"line":16,"column":33},"end":{"line":16,"column":34}},"loc":{"start":{"line":16,"column":39},"end":{"line":19,"column":1}},"line":16},"3":{"name":"(anonymous_3)","decl":{"start":{"line":18,"column":18},"end":{"line":18,"column":19}},"loc":{"start":{"line":18,"column":24},"end":{"line":18,"column":55}},"line":18},"4":{"name":"(anonymous_4)","decl":{"start":{"line":20,"column":38},"end":{"line":20,"column":39}},"loc":{"start":{"line":20,"column":44},"end":{"line":23,"column":1}},"line":20},"5":{"name":"(anonymous_5)","decl":{"start":{"line":22,"column":18},"end":{"line":22,"column":19}},"loc":{"start":{"line":22,"column":24},"end":{"line":22,"column":59}},"line":22},"6":{"name":"(anonymous_6)","decl":{"start":{"line":26,"column":36},"end":{"line":26,"column":37}},"loc":{"start":{"line":26,"column":42},"end":{"line":29,"column":1}},"line":26}},"branchMap":{},"s":{"0":6,"1":9,"2":9,"3":1,"4":6,"5":1,"6":1,"7":1,"8":6,"9":1,"10":1,"11":1,"12":6,"13":1,"14":1},"f":{"0":9,"1":1,"2":1,"3":1,"4":1,"5":1,"6":1},"b":{},"_coverageSchema":"1a1c01bbd47fc00a2c39e90264f33305004495a9","hash":"344b61a302274d5eae35dc8ca9574ae324adae30"}
,"C:\\Users\\NRCAdmin\\Desktop\\kant\\JAVASCRIPT\\VueJS_Project\\job-search\\src\\store\\constants.js": {"path":"C:\\Users\\NRCAdmin\\Desktop\\kant\\JAVASCRIPT\\VueJS_Project\\job-search\\src\\store\\constants.js","statementMap":{"0":{"start":{"line":2,"column":26},"end":{"line":2,"column":38}},"1":{"start":{"line":5,"column":28},"end":{"line":5,"column":42}},"2":{"start":{"line":6,"column":26},"end":{"line":6,"column":38}},"3":{"start":{"line":7,"column":29},"end":{"line":7,"column":44}},"4":{"start":{"line":10,"column":36},"end":{"line":10,"column":58}},"5":{"start":{"line":11,"column":42},"end":{"line":11,"column":70}},"6":{"start":{"line":12,"column":43},"end":{"line":12,"column":72}},"7":{"start":{"line":15,"column":32},"end":{"line":15,"column":50}},"8":{"start":{"line":16,"column":38},"end":{"line":16,"column":62}},"9":{"start":{"line":17,"column":38},"end":{"line":17,"column":63}}},"fnMap":{},"branchMap":{},"s":{"0":11,"1":11,"2":11,"3":11,"4":11,"5":11,"6":11,"7":11,"8":11,"9":11},"f":{},"b":{},"_coverageSchema":"1a1c01bbd47fc00a2c39e90264f33305004495a9","hash":"28dd7880b12f01b7b3d968762c9a8564d551074f"}
,"C:\\Users\\NRCAdmin\\Desktop\\kant\\JAVASCRIPT\\VueJS_Project\\job-search\\src\\store\\getters.js": {"path":"C:\\Users\\NRCAdmin\\Desktop\\kant\\JAVASCRIPT\\VueJS_Project\\job-search\\src\\store\\getters.js","statementMap":{"0":{"start":{"line":8,"column":16},"end":{"line":36,"column":1}},"1":{"start":{"line":10,"column":32},"end":{"line":10,"column":41}},"2":{"start":{"line":11,"column":4},"end":{"line":11,"column":75}},"3":{"start":{"line":11,"column":32},"end":{"line":11,"column":73}},"4":{"start":{"line":12,"column":4},"end":{"line":12,"column":31}},"5":{"start":{"line":16,"column":27},"end":{"line":16,"column":36}},"6":{"start":{"line":17,"column":4},"end":{"line":17,"column":65}},"7":{"start":{"line":17,"column":32},"end":{"line":17,"column":63}},"8":{"start":{"line":18,"column":4},"end":{"line":18,"column":26}},"9":{"start":{"line":22,"column":4},"end":{"line":24,"column":61}},"10":{"start":{"line":23,"column":23},"end":{"line":23,"column":63}},"11":{"start":{"line":24,"column":23},"end":{"line":24,"column":59}},"12":{"start":{"line":27,"column":44},"end":{"line":30,"column":3}},"13":{"start":{"line":28,"column":4},"end":{"line":28,"column":62}},"14":{"start":{"line":28,"column":50},"end":{"line":28,"column":62}},"15":{"start":{"line":29,"column":4},"end":{"line":29,"column":66}},"16":{"start":{"line":32,"column":40},"end":{"line":35,"column":3}},"17":{"start":{"line":33,"column":4},"end":{"line":33,"column":57}},"18":{"start":{"line":33,"column":45},"end":{"line":33,"column":57}},"19":{"start":{"line":34,"column":4},"end":{"line":34,"column":56}}},"fnMap":{"0":{"name":"(anonymous_0)","decl":{"start":{"line":9,"column":2},"end":{"line":9,"column":3}},"loc":{"start":{"line":9,"column":32},"end":{"line":13,"column":3}},"line":9},"1":{"name":"(anonymous_1)","decl":{"start":{"line":11,"column":23},"end":{"line":11,"column":24}},"loc":{"start":{"line":11,"column":32},"end":{"line":11,"column":73}},"line":11},"2":{"name":"(anonymous_2)","decl":{"start":{"line":15,"column":2},"end":{"line":15,"column":3}},"loc":{"start":{"line":15,"column":28},"end":{"line":19,"column":3}},"line":15},"3":{"name":"(anonymous_3)","decl":{"start":{"line":17,"column":23},"end":{"line":17,"column":24}},"loc":{"start":{"line":17,"column":32},"end":{"line":17,"column":63}},"line":17},"4":{"name":"(anonymous_4)","decl":{"start":{"line":21,"column":2},"end":{"line":21,"column":3}},"loc":{"start":{"line":21,"column":34},"end":{"line":25,"column":3}},"line":21},"5":{"name":"(anonymous_5)","decl":{"start":{"line":23,"column":14},"end":{"line":23,"column":15}},"loc":{"start":{"line":23,"column":23},"end":{"line":23,"column":63}},"line":23},"6":{"name":"(anonymous_6)","decl":{"start":{"line":24,"column":14},"end":{"line":24,"column":15}},"loc":{"start":{"line":24,"column":23},"end":{"line":24,"column":59}},"line":24},"7":{"name":"(anonymous_7)","decl":{"start":{"line":27,"column":33},"end":{"line":27,"column":34}},"loc":{"start":{"line":27,"column":44},"end":{"line":30,"column":3}},"line":27},"8":{"name":"(anonymous_8)","decl":{"start":{"line":27,"column":44},"end":{"line":27,"column":45}},"loc":{"start":{"line":27,"column":53},"end":{"line":30,"column":3}},"line":27},"9":{"name":"(anonymous_9)","decl":{"start":{"line":32,"column":29},"end":{"line":32,"column":30}},"loc":{"start":{"line":32,"column":40},"end":{"line":35,"column":3}},"line":32},"10":{"name":"(anonymous_10)","decl":{"start":{"line":32,"column":40},"end":{"line":32,"column":41}},"loc":{"start":{"line":32,"column":49},"end":{"line":35,"column":3}},"line":32}},"branchMap":{"0":{"loc":{"start":{"line":28,"column":4},"end":{"line":28,"column":62}},"type":"if","locations":[{"start":{"line":28,"column":4},"end":{"line":28,"column":62}},{"start":{},"end":{}}],"line":28},"1":{"loc":{"start":{"line":33,"column":4},"end":{"line":33,"column":57}},"type":"if","locations":[{"start":{"line":33,"column":4},"end":{"line":33,"column":57}},{"start":{},"end":{}}],"line":33}},"s":{"0":1,"1":1,"2":1,"3":3,"4":1,"5":1,"6":1,"7":3,"8":1,"9":1,"10":1,"11":1,"12":2,"13":2,"14":1,"15":1,"16":2,"17":2,"18":1,"19":1},"f":{"0":1,"1":3,"2":1,"3":3,"4":1,"5":1,"6":1,"7":2,"8":2,"9":2,"10":2},"b":{"0":[1,1],"1":[1,1]},"_coverageSchema":"1a1c01bbd47fc00a2c39e90264f33305004495a9","hash":"370ea01019c29f49b816f0ca5b8c2a98c83307cf"}
,"C:\\Users\\NRCAdmin\\Desktop\\kant\\JAVASCRIPT\\VueJS_Project\\job-search\\src\\store\\mutations.js": {"path":"C:\\Users\\NRCAdmin\\Desktop\\kant\\JAVASCRIPT\\VueJS_Project\\job-search\\src\\store\\mutations.js","statementMap":{"0":{"start":{"line":7,"column":18},"end":{"line":20,"column":1}},"1":{"start":{"line":9,"column":4},"end":{"line":9,"column":28}},"2":{"start":{"line":12,"column":4},"end":{"line":12,"column":22}},"3":{"start":{"line":15,"column":4},"end":{"line":15,"column":56}},"4":{"start":{"line":18,"column":4},"end":{"line":18,"column":38}}},"fnMap":{"0":{"name":"(anonymous_0)","decl":{"start":{"line":8,"column":2},"end":{"line":8,"column":3}},"loc":{"start":{"line":8,"column":22},"end":{"line":10,"column":3}},"line":8},"1":{"name":"(anonymous_1)","decl":{"start":{"line":11,"column":2},"end":{"line":11,"column":3}},"loc":{"start":{"line":11,"column":30},"end":{"line":13,"column":3}},"line":11},"2":{"name":"(anonymous_2)","decl":{"start":{"line":14,"column":2},"end":{"line":14,"column":3}},"loc":{"start":{"line":14,"column":61},"end":{"line":16,"column":3}},"line":14},"3":{"name":"(anonymous_3)","decl":{"start":{"line":17,"column":2},"end":{"line":17,"column":3}},"loc":{"start":{"line":17,"column":44},"end":{"line":19,"column":3}},"line":17}},"branchMap":{},"s":{"0":1,"1":1,"2":1,"3":1,"4":1},"f":{"0":1,"1":1,"2":1,"3":1},"b":{},"_coverageSchema":"1a1c01bbd47fc00a2c39e90264f33305004495a9","hash":"34bd4310dc99b01111f94d149bb03afda77adf4e"}
,"C:\\Users\\NRCAdmin\\Desktop\\kant\\JAVASCRIPT\\VueJS_Project\\job-search\\src\\store\\state.js": {"path":"C:\\Users\\NRCAdmin\\Desktop\\kant\\JAVASCRIPT\\VueJS_Project\\job-search\\src\\store\\state.js","statementMap":{"0":{"start":{"line":1,"column":14},"end":{"line":8,"column":1}},"1":{"start":{"line":2,"column":2},"end":{"line":7,"column":4}}},"fnMap":{"0":{"name":"(anonymous_0)","decl":{"start":{"line":1,"column":14},"end":{"line":1,"column":15}},"loc":{"start":{"line":1,"column":20},"end":{"line":8,"column":1}},"line":1}},"branchMap":{},"s":{"0":1,"1":4},"f":{"0":4},"b":{},"_coverageSchema":"1a1c01bbd47fc00a2c39e90264f33305004495a9","hash":"ba362617408c889ccd19d915ed2e674f6b0fcb53"}
,"C:\\Users\\NRCAdmin\\Desktop\\kant\\JAVASCRIPT\\VueJS_Project\\job-search\\src\\utils\\nextElementInList.js": {"path":"C:\\Users\\NRCAdmin\\Desktop\\kant\\JAVASCRIPT\\VueJS_Project\\job-search\\src\\utils\\nextElementInList.js","statementMap":{"0":{"start":{"line":1,"column":26},"end":{"line":6,"column":1}},"1":{"start":{"line":2,"column":29},"end":{"line":2,"column":48}},"2":{"start":{"line":3,"column":25},"end":{"line":3,"column":63}},"3":{"start":{"line":4,"column":20},"end":{"line":4,"column":40}},"4":{"start":{"line":5,"column":2},"end":{"line":5,"column":19}}},"fnMap":{"0":{"name":"(anonymous_0)","decl":{"start":{"line":1,"column":26},"end":{"line":1,"column":27}},"loc":{"start":{"line":1,"column":43},"end":{"line":6,"column":1}},"line":1}},"branchMap":{},"s":{"0":2,"1":3,"2":3,"3":3,"4":3},"f":{"0":3},"b":{},"_coverageSchema":"1a1c01bbd47fc00a2c39e90264f33305004495a9","hash":"7325ee0f663555be9e0d23028f87ab17c8b178b9"}
}
